\BOOKMARK [0][-]{chapter.1}{\376\377\000I\000n\000t\000r\000o\000d\000u\000\347\000\343\000o}{}% 1
\BOOKMARK [1][-]{section.1.1}{\376\377\000D\000e\000f\000i\000n\000i\000\347\000\343\000o\000\040\000d\000o\000s\000\040\000d\000e\000s\000f\000e\000c\000h\000o\000s\000\040\000p\000e\000r\000i\000n\000a\000t\000a\000i\000s}{chapter.1}% 2
\BOOKMARK [1][-]{section.1.2}{\376\377\000P\000a\000n\000o\000r\000a\000m\000a\000\040\000b\000r\000a\000s\000i\000l\000e\000i\000r\000o}{chapter.1}% 3
\BOOKMARK [1][-]{section.1.3}{\376\377\000C\000o\000n\000t\000e\000x\000t\000o\000\040\000d\000o\000\040\000e\000s\000t\000a\000d\000o\000\040\000d\000e\000\040\000S\000\343\000o\000\040\000P\000a\000u\000l\000o\000\040\000e\000\040\000d\000a\000s\000\040\000R\000R\000A\000S}{chapter.1}% 4
\BOOKMARK [1][-]{section.1.4}{\376\377\000F\000a\000t\000o\000r\000e\000s\000\040\000a\000s\000s\000o\000c\000i\000a\000d\000o\000s\000\040\000a\000o\000s\000\040\000d\000e\000s\000f\000e\000c\000h\000o\000s\000\040\000g\000e\000s\000t\000a\000c\000i\000o\000n\000a\000i\000s}{chapter.1}% 5
\BOOKMARK [1][-]{section.1.5}{\376\377\000R\000e\000l\000e\000v\000\342\000n\000c\000i\000a\000\040\000m\000e\000t\000o\000d\000o\000l\000\363\000g\000i\000c\000a}{chapter.1}% 6
\BOOKMARK [0][-]{chapter.2}{\376\377\000O\000b\000j\000e\000t\000i\000v\000o\000\040\000g\000e\000r\000a\000l\000\040\000d\000o\000\040\000e\000s\000t\000u\000d\000o}{}% 7
\BOOKMARK [1][-]{section.2.1}{\376\377\000O\000b\000j\000e\000t\000i\000v\000o\000s\000\040\000e\000s\000p\000e\000c\000\355\000f\000i\000c\000o\000s}{chapter.2}% 8
\BOOKMARK [0][-]{chapter.3}{\376\377\000M\000a\000t\000e\000r\000i\000a\000l\000\040\000e\000\040\000m\000\351\000t\000o\000d\000o\000s}{}% 9
\BOOKMARK [1][-]{section.3.1}{\376\377\000F\000o\000n\000t\000e\000s\000\040\000e\000\040\000c\000o\000l\000e\000t\000a\000\040\000d\000e\000\040\000d\000a\000d\000o\000s}{chapter.3}% 10
\BOOKMARK [2][-]{subsection.3.1.1}{\376\377\000S\000i\000s\000t\000e\000m\000a\000\040\000d\000e\000\040\000I\000n\000f\000o\000r\000m\000a\000\347\000\365\000e\000s\000\040\000s\000o\000b\000r\000e\000\040\000M\000o\000r\000t\000a\000l\000i\000d\000a\000d\000e\000\040\000-\000\040\000D\000e\000c\000l\000a\000r\000a\000\347\000\343\000o\000\040\000d\000e\000\040\000\323\000b\000i\000t\000o\000s\000\040\000F\000e\000t\000a\000i\000s\000\040\000\050\000S\000I\000M\000-\000D\000O\000F\000E\000T\000\051}{section.3.1}% 11
\BOOKMARK [2][-]{subsection.3.1.2}{\376\377\000S\000i\000s\000t\000e\000m\000a\000\040\000d\000e\000\040\000I\000n\000f\000o\000r\000m\000a\000\347\000\365\000e\000s\000\040\000s\000o\000b\000r\000e\000\040\000N\000a\000s\000c\000i\000d\000o\000s\000\040\000V\000i\000v\000o\000s\000\040\000\050\000S\000I\000N\000A\000S\000C\000\051}{section.3.1}% 12
\BOOKMARK [2][-]{subsection.3.1.3}{\376\377\000V\000a\000r\000i\000\341\000v\000e\000i\000s\000\040\000a\000b\000o\000r\000d\000a\000d\000a\000s\000\040\000e\000\040\000d\000a\000d\000o\000s\000\040\000f\000a\000l\000t\000a\000n\000t\000e\000s}{section.3.1}% 13
\BOOKMARK [1][-]{section.3.2}{\376\377\000A\000n\000\341\000l\000i\000s\000e}{chapter.3}% 14
\BOOKMARK [1][-]{section.3.3}{\376\377\000D\000e\000s\000e\000n\000v\000o\000l\000v\000i\000m\000e\000n\000t\000o\000\040\000d\000o\000\040\000m\000o\000d\000e\000l\000o\000\040\000\050\000A\000J\000U\000S\000T\000A\000N\000D\000O\000\051}{chapter.3}% 15
\BOOKMARK [2][-]{subsection.3.3.1}{\376\377\000D\000e\000s\000e\000n\000v\000o\000l\000v\000i\000m\000e\000n\000t\000o\000\040\000d\000a\000\040\000a\000b\000o\000r\000d\000a\000g\000e\000m\000\040\000d\000e\000\040\000r\000i\000s\000c\000o\000s\000\040\000c\000o\000m\000p\000e\000t\000i\000t\000i\000v\000o\000s\000\040\000-\000\040\000s\000e\000m\000\040\000c\000o\000n\000s\000i\000d\000e\000r\000a\000r\000\040\000f\000r\000a\000g\000i\000l\000i\000d\000a\000d\000e\000\040\000c\000o\000m\000p\000a\000r\000t\000i\000l\000h\000a\000d\000a}{section.3.3}% 16
\BOOKMARK [2][-]{subsection.3.3.2}{\376\377\000D\000e\000s\000e\000n\000v\000o\000l\000v\000i\000m\000e\000n\000t\000o\000\040\000d\000e\000n\000t\000r\000o\000\040\000d\000o\000\040\000j\000-\000\351\000s\000i\000m\000o\000\040\000c\000l\000u\000s\000t\000e\000r}{section.3.3}% 17
\BOOKMARK [0][-]{chapter.4}{\376\377\000R\000e\000s\000u\000l\000t\000a\000d\000o\000s}{}% 18
\BOOKMARK [1][-]{section.4.1}{\376\377\000V\000a\000r\000i\000\341\000v\000e\000i\000s\000\040\000c\000o\000m\000u\000n\000s\000\040\000p\000a\000r\000a\000\040\000a\000s\000\040\000d\000u\000a\000s\000\040\000c\000a\000u\000s\000a\000s}{chapter.4}% 19
\BOOKMARK [1][-]{section.4.2}{\376\377\000V\000a\000r\000i\000\341\000v\000e\000i\000s\000\040\000e\000x\000c\000l\000u\000s\000i\000v\000a\000s\000\040\000d\000e\000\040\000c\000a\000d\000a\000\040\000c\000a\000u\000s\000a}{chapter.4}% 20
\BOOKMARK [1][-]{section.4.3}{\376\377\000R\000e\000d\000e\000s\000\040\000R\000e\000g\000i\000o\000n\000a\000i\000s\000\040\000d\000e\000\040\000A\000t\000e\000n\000\347\000\343\000o\000\040\000\340\000\040\000S\000a\000\372\000d\000e\000\040\000\050\000R\000R\000A\000S\000\051}{chapter.4}% 21
\BOOKMARK [1][-]{section.4.4}{\376\377\000R\000e\000s\000u\000l\000t\000a\000d\000o\000s\000\040\000d\000o\000\040\000m\000o\000d\000e\000l\000o}{chapter.4}% 22
\BOOKMARK [0][-]{chapter*.50}{\376\377\000R\000e\000f\000e\000r\000\352\000n\000c\000i\000a\000s}{}% 23
